[2025-11-04 14:08:53.490] [INFO] === War3Nat STUN 服务器启动 ===
[2025-11-04 14:08:53.490] [INFO] 版本: 3.0
[2025-11-04 14:08:53.490] [INFO] 端口: 3478
[2025-11-04 14:08:53.490] [INFO] 配置文件: D:/Qt_/War3Nat/build/Desktop_Qt_5_15_2_MinGW_32_bit-Release/war3nat.ini
[2025-11-04 14:08:53.490] [INFO] 日志级别: info
[2025-11-04 14:08:53.490] [INFO] 日志文件: D:/Qt_/War3Nat/build/Desktop_Qt_5_15_2_MinGW_32_bit-Release/war3nat.log
[2025-11-04 14:08:53.490] [INFO] 控制台输出: 启用
[2025-11-04 14:08:53.490] [INFO] 最大日志大小: 10 MB
[2025-11-04 14:08:53.490] [INFO] 备份数量: 5
[2025-11-04 14:08:53.505] [INFO] 端口可用
[2025-11-04 14:08:53.505] [INFO] 🎉 War3Nat STUN 服务器启动成功
[2025-11-04 14:08:53.508] [INFO] 📍 监听地址: 0.0.0.0:3478
[2025-11-04 14:08:53.508] [INFO] 💡 服务类型: STUN 服务器 (RFC 5389)
[2025-11-04 14:08:53.508] [INFO] 🔧 支持功能: NAT 类型检测、公网地址发现
[2025-11-04 14:08:53.508] [INFO] 🔒 端口重用: 禁用
[2025-11-04 14:08:53.508] [INFO] ✅ War3Nat 服务器启动成功
[2025-11-04 14:08:53.508] [INFO] === 服务器开始监听 ===
[2025-11-04 14:08:53.508] [INFO] 按 Ctrl+C 停止服务器
[2025-11-04 14:09:23.500] [INFO] 🔄 服务器状态 - 运行时间: 29秒 - 状态: 运行中
[2025-11-04 14:09:53.499] [INFO] 🔄 服务器状态 - 运行时间: 59秒 - 状态: 运行中
[2025-11-04 14:10:23.498] [INFO] 🔄 服务器状态 - 运行时间: 1分钟29秒 - 状态: 运行中
[2025-11-04 14:10:53.497] [INFO] 🔄 服务器状态 - 运行时间: 1分钟59秒 - 状态: 运行中
[2025-11-04 14:11:23.496] [INFO] 🔄 服务器状态 - 运行时间: 2分钟29秒 - 状态: 运行中
[2025-11-04 14:11:43.959] [INFO] === War3Nat STUN 服务器启动 ===
[2025-11-04 14:11:43.959] [INFO] 版本: 3.0
[2025-11-04 14:11:43.959] [INFO] 端口: 3478
[2025-11-04 14:11:43.959] [INFO] 配置文件: war3nat.ini
[2025-11-04 14:11:43.959] [INFO] 日志级别: info
[2025-11-04 14:11:43.959] [INFO] 日志文件: D:/Qt_/War3Nat/build/Desktop_Qt_5_15_2_MinGW_32_bit-Release/war3nat.log
[2025-11-04 14:11:43.959] [INFO] 控制台输出: 启用
[2025-11-04 14:11:43.959] [INFO] 最大日志大小: 10 MB
[2025-11-04 14:11:43.959] [INFO] 备份数量: 5
[2025-11-04 14:11:43.972] [INFO] 端口可用
[2025-11-04 14:11:43.972] [INFO] 🎉 War3Nat STUN 服务器启动成功
[2025-11-04 14:11:43.972] [INFO] 📍 监听地址: 0.0.0.0:3478
[2025-11-04 14:11:43.972] [INFO] 💡 服务类型: STUN 服务器 (RFC 5389)
[2025-11-04 14:11:43.972] [INFO] 🔧 支持功能: NAT 类型检测、公网地址发现
[2025-11-04 14:11:43.972] [INFO] 🔒 端口重用: 禁用
[2025-11-04 14:11:43.972] [INFO] ✅ War3Nat 服务器启动成功
[2025-11-04 14:11:43.972] [INFO] === 服务器开始监听 ===
[2025-11-04 14:11:43.972] [INFO] 按 Ctrl+C 停止服务器
[2025-11-04 14:11:47.108] [INFO] === War3Nat STUN 服务器启动 ===
[2025-11-04 14:11:47.108] [INFO] 版本: 3.0
[2025-11-04 14:11:47.108] [INFO] 端口: 3478
[2025-11-04 14:11:47.108] [INFO] 配置文件: war3nat.ini
[2025-11-04 14:11:47.108] [INFO] 日志级别: info
[2025-11-04 14:11:47.108] [INFO] 日志文件: D:/Qt_/War3Nat/build/Desktop_Qt_5_15_2_MinGW_32_bit-Release/war3nat.log
[2025-11-04 14:11:47.108] [INFO] 控制台输出: 启用
[2025-11-04 14:11:47.108] [INFO] 最大日志大小: 10 MB
[2025-11-04 14:11:47.108] [INFO] 备份数量: 5
[2025-11-04 14:11:47.119] [INFO] 端口可用
[2025-11-04 14:11:47.120] [INFO] 🎉 War3Nat STUN 服务器启动成功
[2025-11-04 14:11:47.120] [INFO] 📍 监听地址: 0.0.0.0:3478
[2025-11-04 14:11:47.120] [INFO] 💡 服务类型: STUN 服务器 (RFC 5389)
[2025-11-04 14:11:47.120] [INFO] 🔧 支持功能: NAT 类型检测、公网地址发现
[2025-11-04 14:11:47.120] [INFO] 🔒 端口重用: 禁用
[2025-11-04 14:11:47.120] [INFO] ✅ War3Nat 服务器启动成功
[2025-11-04 14:11:47.120] [INFO] === 服务器开始监听 ===
[2025-11-04 14:11:47.120] [INFO] 按 Ctrl+C 停止服务器
[2025-11-04 14:12:17.106] [INFO] 🔄 服务器状态 - 运行时间: 29秒 - 状态: 运行中
[2025-11-04 14:12:47.105] [INFO] 🔄 服务器状态 - 运行时间: 59秒 - 状态: 运行中
[2025-11-04 14:13:17.104] [INFO] 🔄 服务器状态 - 运行时间: 1分钟29秒 - 状态: 运行中
[2025-11-04 14:13:47.103] [INFO] 🔄 服务器状态 - 运行时间: 1分钟59秒 - 状态: 运行中
[2025-11-04 14:14:17.102] [INFO] 🔄 服务器状态 - 运行时间: 2分钟29秒 - 状态: 运行中
[2025-11-04 14:14:47.103] [INFO] 🔄 服务器状态 - 运行时间: 2分钟59秒 - 状态: 运行中
[2025-11-04 14:15:17.102] [INFO] 🔄 服务器状态 - 运行时间: 3分钟29秒 - 状态: 运行中
